Determining if the pthread_create exist failed with the following output:
Change Dir: /home/workspace/ROS-Udacity/L2/Project2/catkin_ws/build/CMakeFiles/CMakeTmp

Run Build Command:"/usr/bin/make" "cmTC_0cecc/fast"
/usr/bin/make -f CMakeFiles/cmTC_0cecc.dir/build.make CMakeFiles/cmTC_0cecc.dir/build
make[1]: Entering directory '/home/workspace/ROS-Udacity/L2/Project2/catkin_ws/build/CMakeFiles/CMakeTmp'
Building C object CMakeFiles/cmTC_0cecc.dir/CheckSymbolExists.c.o
/usr/bin/cc     -o CMakeFiles/cmTC_0cecc.dir/CheckSymbolExists.c.o   -c /home/workspace/ROS-Udacity/L2/Project2/catkin_ws/build/CMakeFiles/CMakeTmp/CheckSymbolExists.c
Linking C executable cmTC_0cecc
/usr/bin/cmake -E cmake_link_script CMakeFiles/cmTC_0cecc.dir/link.txt --verbose=1
/usr/bin/cc       CMakeFiles/cmTC_0cecc.dir/CheckSymbolExists.c.o  -o cmTC_0cecc -rdynamic 
CMakeFiles/cmTC_0cecc.dir/CheckSymbolExists.c.o: In function `main':
CheckSymbolExists.c:(.text+0x16): undefined reference to `pthread_create'
collect2: error: ld returned 1 exit status
CMakeFiles/cmTC_0cecc.dir/build.make:97: recipe for target 'cmTC_0cecc' failed
make[1]: *** [cmTC_0cecc] Error 1
make[1]: Leaving directory '/home/workspace/ROS-Udacity/L2/Project2/catkin_ws/build/CMakeFiles/CMakeTmp'
Makefile:126: recipe for target 'cmTC_0cecc/fast' failed
make: *** [cmTC_0cecc/fast] Error 2

File /home/workspace/ROS-Udacity/L2/Project2/catkin_ws/build/CMakeFiles/CMakeTmp/CheckSymbolExists.c:
/* */
#include <pthread.h>

int main(int argc, char** argv)
{
  (void)argv;
#ifndef pthread_create
  return ((int*)(&pthread_create))[argc];
#else
  (void)argc;
  return 0;
#endif
}

Determining if the function pthread_create exists in the pthreads failed with the following output:
Change Dir: /home/workspace/ROS-Udacity/L2/Project2/catkin_ws/build/CMakeFiles/CMakeTmp

Run Build Command:"/usr/bin/make" "cmTC_69929/fast"
/usr/bin/make -f CMakeFiles/cmTC_69929.dir/build.make CMakeFiles/cmTC_69929.dir/build
make[1]: Entering directory '/home/workspace/ROS-Udacity/L2/Project2/catkin_ws/build/CMakeFiles/CMakeTmp'
Building C object CMakeFiles/cmTC_69929.dir/CheckFunctionExists.c.o
/usr/bin/cc    -DCHECK_FUNCTION_EXISTS=pthread_create   -o CMakeFiles/cmTC_69929.dir/CheckFunctionExists.c.o   -c /usr/share/cmake-3.5/Modules/CheckFunctionExists.c
Linking C executable cmTC_69929
/usr/bin/cmake -E cmake_link_script CMakeFiles/cmTC_69929.dir/link.txt --verbose=1
/usr/bin/cc   -DCHECK_FUNCTION_EXISTS=pthread_create    CMakeFiles/cmTC_69929.dir/CheckFunctionExists.c.o  -o cmTC_69929 -rdynamic -lpthreads 
/usr/bin/ld: cannot find -lpthreads
collect2: error: ld returned 1 exit status
CMakeFiles/cmTC_69929.dir/build.make:97: recipe for target 'cmTC_69929' failed
make[1]: *** [cmTC_69929] Error 1
make[1]: Leaving directory '/home/workspace/ROS-Udacity/L2/Project2/catkin_ws/build/CMakeFiles/CMakeTmp'
Makefile:126: recipe for target 'cmTC_69929/fast' failed
make: *** [cmTC_69929/fast] Error 2


